2025-06-16 00:09:53 DEBUG [http-nio-8080-exec-7] o.s.web.servlet.DispatcherServlet - GET "/favicon.ico", parameters={}
2025-06-16 00:09:53 DEBUG [http-nio-8080-exec-7] o.s.w.s.h.SimpleUrlHandlerMapping - Mapped to ResourceHttpRequestHandler [classpath [META-INF/resources/], classpath [resources/], classpath [static/], classpath [public/], ServletContext [/]]
2025-06-16 00:09:53 DEBUG [http-nio-8080-exec-7] o.s.w.s.r.ResourceHttpRequestHandler - Resource not found
2025-06-16 00:09:53 DEBUG [http-nio-8080-exec-7] o.s.w.s.m.m.a.ExceptionHandlerExceptionResolver - Using @ExceptionHandler com.Etiqa.TechAssessment.exception.GlobalExceptionHandler#handleGeneral(Exception)
2025-06-16 00:09:53 DEBUG [http-nio-8080-exec-7] o.s.w.s.m.m.a.HttpEntityMethodProcessor - Using 'application/json;q=0.8', given [image/avif, image/webp, image/apng, image/svg+xml, image/*, */*;q=0.8] and supported [application/json, application/*+json, application/yaml, application/xml;charset=UTF-8, text/xml;charset=UTF-8, application/*+xml;charset=UTF-8]
2025-06-16 00:09:53 DEBUG [http-nio-8080-exec-7] o.s.w.s.m.m.a.HttpEntityMethodProcessor - Writing [{error=Internal Server Error, message=No static resource favicon.ico., timestamp=2025-06-16T00:09:53 (truncated)...]
2025-06-16 00:09:53 DEBUG [http-nio-8080-exec-7] o.s.w.s.m.m.a.ExceptionHandlerExceptionResolver - Resolved [org.springframework.web.servlet.resource.NoResourceFoundException: No static resource favicon.ico.]
2025-06-16 00:09:53 DEBUG [http-nio-8080-exec-7] o.s.web.servlet.DispatcherServlet - Completed 500 INTERNAL_SERVER_ERROR
2025-06-16 00:09:56 DEBUG [http-nio-8080-exec-9] o.s.web.servlet.DispatcherServlet - GET "/favicon.ico", parameters={}
2025-06-16 00:09:56 DEBUG [http-nio-8080-exec-9] o.s.w.s.h.SimpleUrlHandlerMapping - Mapped to ResourceHttpRequestHandler [classpath [META-INF/resources/], classpath [resources/], classpath [static/], classpath [public/], ServletContext [/]]
2025-06-16 00:09:56 DEBUG [http-nio-8080-exec-9] o.s.w.s.r.ResourceHttpRequestHandler - Resource not found
2025-06-16 00:09:56 DEBUG [http-nio-8080-exec-9] o.s.w.s.m.m.a.ExceptionHandlerExceptionResolver - Using @ExceptionHandler com.Etiqa.TechAssessment.exception.GlobalExceptionHandler#handleGeneral(Exception)
2025-06-16 00:09:56 DEBUG [http-nio-8080-exec-9] o.s.w.s.m.m.a.HttpEntityMethodProcessor - Using 'application/json;q=0.8', given [image/avif, image/webp, image/apng, image/svg+xml, image/*, */*;q=0.8] and supported [application/json, application/*+json, application/yaml, application/xml;charset=UTF-8, text/xml;charset=UTF-8, application/*+xml;charset=UTF-8]
2025-06-16 00:09:56 DEBUG [http-nio-8080-exec-9] o.s.w.s.m.m.a.HttpEntityMethodProcessor - Writing [{error=Internal Server Error, message=No static resource favicon.ico., timestamp=2025-06-16T00:09:56 (truncated)...]
2025-06-16 00:09:56 DEBUG [http-nio-8080-exec-9] o.s.w.s.m.m.a.ExceptionHandlerExceptionResolver - Resolved [org.springframework.web.servlet.resource.NoResourceFoundException: No static resource favicon.ico.]
2025-06-16 00:09:56 DEBUG [http-nio-8080-exec-9] o.s.web.servlet.DispatcherServlet - Completed 500 INTERNAL_SERVER_ERROR
2025-06-16 00:09:56 DEBUG [http-nio-8080-exec-10] o.s.web.servlet.DispatcherServlet - GET "/favicon.ico", parameters={}
2025-06-16 00:09:56 DEBUG [http-nio-8080-exec-10] o.s.w.s.h.SimpleUrlHandlerMapping - Mapped to ResourceHttpRequestHandler [classpath [META-INF/resources/], classpath [resources/], classpath [static/], classpath [public/], ServletContext [/]]
2025-06-16 00:09:56 DEBUG [http-nio-8080-exec-10] o.s.w.s.r.ResourceHttpRequestHandler - Resource not found
2025-06-16 00:09:56 DEBUG [http-nio-8080-exec-10] o.s.w.s.m.m.a.ExceptionHandlerExceptionResolver - Using @ExceptionHandler com.Etiqa.TechAssessment.exception.GlobalExceptionHandler#handleGeneral(Exception)
2025-06-16 00:09:56 DEBUG [http-nio-8080-exec-10] o.s.w.s.m.m.a.HttpEntityMethodProcessor - Using 'application/json;q=0.8', given [image/avif, image/webp, image/apng, image/svg+xml, image/*, */*;q=0.8] and supported [application/json, application/*+json, application/yaml, application/xml;charset=UTF-8, text/xml;charset=UTF-8, application/*+xml;charset=UTF-8]
2025-06-16 00:09:56 DEBUG [http-nio-8080-exec-10] o.s.w.s.m.m.a.HttpEntityMethodProcessor - Writing [{error=Internal Server Error, message=No static resource favicon.ico., timestamp=2025-06-16T00:09:56 (truncated)...]
2025-06-16 00:09:56 DEBUG [http-nio-8080-exec-10] o.s.w.s.m.m.a.ExceptionHandlerExceptionResolver - Resolved [org.springframework.web.servlet.resource.NoResourceFoundException: No static resource favicon.ico.]
2025-06-16 00:09:56 DEBUG [http-nio-8080-exec-10] o.s.web.servlet.DispatcherServlet - Completed 500 INTERNAL_SERVER_ERROR
